2023-11-20T04:48:29.680Z - info: [ui] [AppStore] loading 0 repositories from store
2023-11-20T04:48:29.701Z - info: [ui] [Welcome] no sign in step found. ignoring...
2023-11-20T04:48:29.731Z - info: [ui] launching: 3.3.3-linux2 (Linux 6.6.1-arch1-1)
2023-11-20T04:48:29.732Z - info: [ui] execPath: '/opt/github-desktop/github-desktop'
2023-11-20T04:48:29.732Z - info: [ui] [Welcome] no sign in step found. ignoring...
2023-11-20T04:48:29.746Z - info: [ui] [Welcome] no sign in step found. ignoring...
2023-11-20T04:48:29.881Z - info: [ui] Opt in reported.
2023-11-20T04:48:31.476Z - info: [ui] [Welcome] advancing to step: SignInToDotComWithBrowser
2023-11-20T04:48:31.477Z - info: [ui] [SignInStore] initializing OAuth flow
2023-11-20T04:48:31.480Z - info: [main] opening in browser: https://github.com/login/oauth/authorize?client_id=3a723b10ac5575cc5bb9&scope=repo%20user%20workflow&state=f4f16930-c037-48ca-97a9-130d38c64db3
2023-11-20T04:48:31.480Z - info: [ui] [Welcome] current sign in state not found. ignoring...
2023-11-20T04:48:33.092Z - info: [ui] [Welcome] kind Authentication is the same as Authentication. ignoring...
2023-11-20T04:48:39.039Z - info: [main] Received possible protocol arguments: 3
2023-11-20T04:48:39.039Z - info: [main] Processing protocol url
2023-11-20T04:48:39.040Z - info: [ui] [Dispatcher] requesting authenticated user
2023-11-20T04:48:39.045Z - info: [ui] [Welcome] kind Authentication is the same as Authentication. ignoring...
2023-11-20T04:48:39.105Z - info: [main] Received possible protocol arguments: 2
2023-11-20T04:48:39.108Z - info: [main] Processing protocol url
2023-11-20T04:48:39.771Z - info: [ui] [SignInStore] account resolved
2023-11-20T04:48:39.771Z - info: [ui] [AppStore] adding account osteofelidae (Osteofelidae) to store
2023-11-20T04:48:39.778Z - info: [ui] [Welcome] advancing to step: ConfigureGit
2023-11-20T04:48:39.807Z - info: [ui] [Welcome] no sign in step found. ignoring...
2023-11-20T04:48:51.707Z - info: [ui] [Welcome] no sign in step found. ignoring...
2023-11-20T04:48:51.942Z - info: [ui] Subscribed 'osteofelidae' to Alive channel
2023-11-20T04:48:52.143Z - info: [ui] [Welcome] no sign in step found. ignoring...
2023-11-20T04:48:52.243Z - info: [ui] [Welcome] no sign in step found. ignoring...
2023-11-20T04:48:52.743Z - info: [ui] [Welcome] no sign in step found. ignoring...
2023-11-20T04:48:52.954Z - info: [ui] [Welcome] no sign in step found. ignoring...
2023-11-20T04:48:53.143Z - info: [ui] [Welcome] no sign in step found. ignoring...
2023-11-20T04:48:53.511Z - info: [ui] [Welcome] no sign in step found. ignoring...
2023-11-20T04:49:43.793Z - info: [ui] [AppStore] adding repository at /run/media/osteofelidae/EXTDOCS/Dotfiles to store
2023-11-20T04:49:45.532Z - info: [ui] Executing updateIndex: git update-index --add --remove --replace -z --stdin (took 1.444s)
2023-11-20T04:49:57.661Z - info: [ui] Executing push: git -c credential.helper= push origin main --set-upstream --progress (took 3.679s)
2023-11-20T04:49:58.859Z - info: [ui] [BranchPruner] No branches to prune.
2023-11-20T05:14:00.431Z - info: [ui] [AppStore] loading 1 repositories from store
2023-11-20T05:14:00.435Z - info: [ui] [AppStore] found account: osteofelidae (Osteofelidae)
2023-11-20T05:14:00.459Z - info: [ui] [BranchPruner] Last prune took place 24 minutes ago - skipping
2023-11-20T05:14:00.734Z - info: [ui] launching: 3.3.3-linux2 (Linux 6.6.1-arch1-1)
2023-11-20T05:14:00.735Z - info: [ui] execPath: '/opt/github-desktop/github-desktop'
2023-11-20T05:14:00.865Z - info: [ui] Subscribed 'osteofelidae' to Alive channel
2023-11-20T05:14:00.959Z - info: [ui] Stats reported.
2023-11-20T05:14:52.542Z - info: [ui] [Timing] Action 'create commit' for 'osteofelidae/Dotfiles' took 0.393s
2023-11-20T05:14:53.626Z - info: [ui] [AppStore.withAuthenticatingUser] account found for repository: Dotfiles - osteofelidae (has token)
2023-11-20T05:14:54.843Z - info: [ui] Executing push: git -c credential.helper= push origin main:main --progress (took 1.210s)
2023-11-20T21:50:56.169Z - info: [ui] [AppStore] loading 1 repositories from store
2023-11-20T21:50:56.177Z - info: [ui] [AppStore] found account: osteofelidae (Osteofelidae)
2023-11-20T21:50:56.204Z - info: [ui] [BranchPruner] Last prune took place 17 hours ago - skipping
2023-11-20T21:50:56.275Z - info: [ui] launching: 3.3.3-linux2 (Linux 6.6.1-arch1-1)
2023-11-20T21:50:56.276Z - info: [ui] execPath: '/opt/github-desktop/github-desktop'
2023-11-20T21:50:56.606Z - info: [ui] Subscribed 'osteofelidae' to Alive channel
2023-11-20T21:51:14.548Z - info: [ui] [AppStore] adding repository at /run/media/osteofelidae/EXTDOCS/ASU/Semester 3/IEE-380/Mini Project/IEE-380 Mini Project/IEE-380 Mini Project to store
2023-11-20T21:51:50.254Z - info: [ui] [Timing] Action 'create commit' for 'osteofelidae/IEE-380-Mini-Project' took 0.044s
2023-11-20T21:51:51.833Z - info: [ui] [AppStore.withAuthenticatingUser] account found for repository: IEE-380-Mini-Project - osteofelidae (has token)
2023-11-20T21:54:14.834Z - error: [ui] Could not load new contents for syntax highlighting
Error: ENOENT: no such file or directory, open '/run/media/osteofelidae/EXTDOCS/ASU/Semester 3/IEE-380/Mini Project/IEE-380 Mini Project/IEE-380 Mini Project/.idea/workspace.xml.tmp'
